Logfile initialized
[INFO] logfile = /Users/jensroels/Documents/Titanium Studio Workspace/facebook/build.log
[DEBUG] /Users/jensroels/Library/Application Support/Titanium/mobilesdk/osx/2.0.2.GA/android/builder.py simulator facebook /Users/jensroels/Downloads/android-sdk-macosx /Users/jensroels/Documents/Titanium Studio Workspace/facebook be.jens.facebook 15 WXGA 
[INFO] Building facebook for Android ... one moment
[INFO] Titanium SDK version: 2.0.2 (05/30/12 10:21 2ff31a3)
[DEBUG] Waiting for device to be ready ...
[TRACE] adb devices returned 0 devices/emulators
[DEBUG] /Users/jensroels/Downloads/android-sdk-macosx/tools/emulator -avd titanium_15_WXGA -port 5560 -sdcard /Users/jensroels/.titanium/titanium_15_WXGA.sdcard -logcat *:d,* -no-boot-anim -partition-size 128
[TRACE] adb devices returned 0 devices/emulators
[TRACE] adb devices returned 0 devices/emulators
[TRACE] adb devices returned 0 devices/emulators
[TRACE] adb devices returned 1 devices/emulators
[TRACE] adb devices returned 1 devices/emulators
[TRACE] adb devices returned 1 devices/emulators
[TRACE] adb devices returned 1 devices/emulators
[TRACE] adb devices returned 1 devices/emulators
[TRACE] adb devices returned 1 devices/emulators
[TRACE] adb devices returned 1 devices/emulators
[TRACE] adb devices returned 1 devices/emulators
[TRACE] adb devices returned 1 devices/emulators
[DEBUG] Device connected... (waited 30 seconds)
[DEBUG] waited 31.070219 seconds on emulator to get ready
[INFO] Waiting for the Android Emulator to become available
[TRACE] adb devices returned 1 devices/emulators
[DEBUG] Device connected... (waited 35 seconds)
[DEBUG] waited 35.198323 seconds on emulator to get ready
[INFO] Waiting for the Android Emulator to become available
[ERROR] Timed out waiting for android.process.acore
[DEBUG] be.jens.facebook installed? False
[INFO] Fastdev server running, deploying in Fastdev mode
[INFO] Copying CommonJS modules...
[INFO] Copying project resources..
[INFO] Detected change in tiapp.xml, or assets deleted. Forcing full re-build...
[TRACE] COPYING CREATED FILE: /Users/jensroels/Documents/Titanium Studio Workspace/facebook/Resources/android/appicon.png => /Users/jensroels/Documents/Titanium Studio Workspace/facebook/build/android/bin/assets/Resources/appicon.png
[TRACE] COPYING CREATED FILE: /Users/jensroels/Documents/Titanium Studio Workspace/facebook/Resources/android/default.png => /Users/jensroels/Documents/Titanium Studio Workspace/facebook/build/android/bin/assets/Resources/default.png
[TRACE] COPYING CREATED FILE: /Users/jensroels/Documents/Titanium Studio Workspace/facebook/Resources/app.js => /Users/jensroels/Documents/Titanium Studio Workspace/facebook/build/android/bin/assets/Resources/app.js
[TRACE] COPYING CREATED FILE: /Users/jensroels/Documents/Titanium Studio Workspace/facebook/Resources/KS_nav_ui.png => /Users/jensroels/Documents/Titanium Studio Workspace/facebook/build/android/bin/assets/Resources/KS_nav_ui.png
[TRACE] COPYING CREATED FILE: /Users/jensroels/Documents/Titanium Studio Workspace/facebook/Resources/KS_nav_views.png => /Users/jensroels/Documents/Titanium Studio Workspace/facebook/build/android/bin/assets/Resources/KS_nav_views.png
[TRACE] Generating Java Classes
[DEBUG] Processing Android resource drawables
[DEBUG] app stylesheet => /Users/jensroels/Documents/Titanium Studio Workspace/facebook/build/android/gen/be/jens/facebook/ApplicationStylesheet.java
[DEBUG] copying app icon: /Users/jensroels/Documents/Titanium Studio Workspace/facebook/build/android/bin/assets/Resources/appicon.png
[DEBUG] generating theme.xml
[DEBUG] found drawable-long-land-hdpi splash screen at /Users/jensroels/Documents/Titanium Studio Workspace/facebook/Resources/android/images/res-long-land-hdpi/default.png
[DEBUG] copying /Users/jensroels/Documents/Titanium Studio Workspace/facebook/Resources/android/images/res-long-land-hdpi/default.png splash screen to /Users/jensroels/Documents/Titanium Studio Workspace/facebook/build/android/res/drawable-long-land-hdpi/background.png
[DEBUG] found drawable-long-land-ldpi splash screen at /Users/jensroels/Documents/Titanium Studio Workspace/facebook/Resources/android/images/res-long-land-ldpi/default.png
[DEBUG] copying /Users/jensroels/Documents/Titanium Studio Workspace/facebook/Resources/android/images/res-long-land-ldpi/default.png splash screen to /Users/jensroels/Documents/Titanium Studio Workspace/facebook/build/android/res/drawable-long-land-ldpi/background.png
[DEBUG] found drawable-long-port-hdpi splash screen at /Users/jensroels/Documents/Titanium Studio Workspace/facebook/Resources/android/images/res-long-port-hdpi/default.png
[DEBUG] copying /Users/jensroels/Documents/Titanium Studio Workspace/facebook/Resources/android/images/res-long-port-hdpi/default.png splash screen to /Users/jensroels/Documents/Titanium Studio Workspace/facebook/build/android/res/drawable-long-port-hdpi/background.png
[DEBUG] found drawable-long-port-ldpi splash screen at /Users/jensroels/Documents/Titanium Studio Workspace/facebook/Resources/android/images/res-long-port-ldpi/default.png
[DEBUG] copying /Users/jensroels/Documents/Titanium Studio Workspace/facebook/Resources/android/images/res-long-port-ldpi/default.png splash screen to /Users/jensroels/Documents/Titanium Studio Workspace/facebook/build/android/res/drawable-long-port-ldpi/background.png
[DEBUG] found drawable-notlong-land-hdpi splash screen at /Users/jensroels/Documents/Titanium Studio Workspace/facebook/Resources/android/images/res-notlong-land-hdpi/default.png
[DEBUG] copying /Users/jensroels/Documents/Titanium Studio Workspace/facebook/Resources/android/images/res-notlong-land-hdpi/default.png splash screen to /Users/jensroels/Documents/Titanium Studio Workspace/facebook/build/android/res/drawable-notlong-land-hdpi/background.png
[DEBUG] found drawable-notlong-land-ldpi splash screen at /Users/jensroels/Documents/Titanium Studio Workspace/facebook/Resources/android/images/res-notlong-land-ldpi/default.png
[DEBUG] copying /Users/jensroels/Documents/Titanium Studio Workspace/facebook/Resources/android/images/res-notlong-land-ldpi/default.png splash screen to /Users/jensroels/Documents/Titanium Studio Workspace/facebook/build/android/res/drawable-notlong-land-ldpi/background.png
[DEBUG] found drawable-notlong-land-mdpi splash screen at /Users/jensroels/Documents/Titanium Studio Workspace/facebook/Resources/android/images/res-notlong-land-mdpi/default.png
[DEBUG] copying /Users/jensroels/Documents/Titanium Studio Workspace/facebook/Resources/android/images/res-notlong-land-mdpi/default.png splash screen to /Users/jensroels/Documents/Titanium Studio Workspace/facebook/build/android/res/drawable-notlong-land-mdpi/background.png
[DEBUG] found drawable-notlong-port-hdpi splash screen at /Users/jensroels/Documents/Titanium Studio Workspace/facebook/Resources/android/images/res-notlong-port-hdpi/default.png
[DEBUG] copying /Users/jensroels/Documents/Titanium Studio Workspace/facebook/Resources/android/images/res-notlong-port-hdpi/default.png splash screen to /Users/jensroels/Documents/Titanium Studio Workspace/facebook/build/android/res/drawable-notlong-port-hdpi/background.png
[DEBUG] found drawable-notlong-port-ldpi splash screen at /Users/jensroels/Documents/Titanium Studio Workspace/facebook/Resources/android/images/res-notlong-port-ldpi/default.png
[DEBUG] copying /Users/jensroels/Documents/Titanium Studio Workspace/facebook/Resources/android/images/res-notlong-port-ldpi/default.png splash screen to /Users/jensroels/Documents/Titanium Studio Workspace/facebook/build/android/res/drawable-notlong-port-ldpi/background.png
[DEBUG] found drawable-notlong-port-mdpi splash screen at /Users/jensroels/Documents/Titanium Studio Workspace/facebook/Resources/android/images/res-notlong-port-mdpi/default.png
[DEBUG] copying /Users/jensroels/Documents/Titanium Studio Workspace/facebook/Resources/android/images/res-notlong-port-mdpi/default.png splash screen to /Users/jensroels/Documents/Titanium Studio Workspace/facebook/build/android/res/drawable-notlong-port-mdpi/background.png
[DEBUG] found splash screen at /Users/jensroels/Documents/Titanium Studio Workspace/facebook/build/android/bin/assets/Resources/default.png
[TRACE] Writing out AndroidManifest.xml
[ERROR] Timed out waiting for android.process.acore
[DEBUG] adding /Users/jensroels/Documents/Titanium Studio Workspace/facebook/build/android/gen/be/jens/facebook/ApplicationStylesheet.java to javac build list
[DEBUG] adding /Users/jensroels/Documents/Titanium Studio Workspace/facebook/build/android/gen/be/jens/facebook/FacebookActivity.java to javac build list
[DEBUG] adding /Users/jensroels/Documents/Titanium Studio Workspace/facebook/build/android/gen/be/jens/facebook/FacebookAppInfo.java to javac build list
[DEBUG] adding /Users/jensroels/Documents/Titanium Studio Workspace/facebook/build/android/gen/be/jens/facebook/FacebookApplication.java to javac build list
[DEBUG] adding /Users/jensroels/Documents/Titanium Studio Workspace/facebook/build/android/gen/be/jens/facebook/R.java to javac build list
[DEBUG] Building Java Sources: "/Users/jensroels/Documents/Titanium Studio Workspace/facebook/build/android/gen/be/jens/facebook/ApplicationStylesheet.java" "/Users/jensroels/Documents/Titanium Studio Workspace/facebook/build/android/gen/be/jens/facebook/FacebookActivity.java" "/Users/jensroels/Documents/Titanium Studio Workspace/facebook/build/android/gen/be/jens/facebook/FacebookAppInfo.java" "/Users/jensroels/Documents/Titanium Studio Workspace/facebook/build/android/gen/be/jens/facebook/FacebookApplication.java" "/Users/jensroels/Documents/Titanium Studio Workspace/facebook/build/android/gen/be/jens/facebook/R.java"
[DEBUG] be.jens.facebook installed? False
[INFO] Fastdev server running, deploying in Fastdev mode
[INFO] Copying CommonJS modules...
[INFO] Copying project resources..
[INFO] Tiapp.xml unchanged, skipping class generation
[DEBUG] Processing Android resource drawables
[DEBUG] found drawable-long-land-hdpi splash screen at /Users/jensroels/Documents/Titanium Studio Workspace/facebook/Resources/android/images/res-long-land-hdpi/default.png
[DEBUG] found drawable-long-land-ldpi splash screen at /Users/jensroels/Documents/Titanium Studio Workspace/facebook/Resources/android/images/res-long-land-ldpi/default.png
[DEBUG] found drawable-long-port-hdpi splash screen at /Users/jensroels/Documents/Titanium Studio Workspace/facebook/Resources/android/images/res-long-port-hdpi/default.png
[DEBUG] found drawable-long-port-ldpi splash screen at /Users/jensroels/Documents/Titanium Studio Workspace/facebook/Resources/android/images/res-long-port-ldpi/default.png
[DEBUG] found drawable-notlong-land-hdpi splash screen at /Users/jensroels/Documents/Titanium Studio Workspace/facebook/Resources/android/images/res-notlong-land-hdpi/default.png
[DEBUG] found drawable-notlong-land-ldpi splash screen at /Users/jensroels/Documents/Titanium Studio Workspace/facebook/Resources/android/images/res-notlong-land-ldpi/default.png
[DEBUG] found drawable-notlong-land-mdpi splash screen at /Users/jensroels/Documents/Titanium Studio Workspace/facebook/Resources/android/images/res-notlong-land-mdpi/default.png
[DEBUG] found drawable-notlong-port-hdpi splash screen at /Users/jensroels/Documents/Titanium Studio Workspace/facebook/Resources/android/images/res-notlong-port-hdpi/default.png
[DEBUG] found drawable-notlong-port-ldpi splash screen at /Users/jensroels/Documents/Titanium Studio Workspace/facebook/Resources/android/images/res-notlong-port-ldpi/default.png
[DEBUG] found drawable-notlong-port-mdpi splash screen at /Users/jensroels/Documents/Titanium Studio Workspace/facebook/Resources/android/images/res-notlong-port-mdpi/default.png
[INFO] Waiting for SDCard to become available..
[INFO] Waiting for SDCard to become available..
[ERROR] Timed out waiting for SDCard to become available (60s)
[INFO] Compiling Android Resources... This could take some time
[ERROR] Timed out waiting for SDCard to become available (60s)
[ERROR] Exception occured while building Android project:
[ERROR] Traceback (most recent call last):
[ERROR]   File "/Users/jensroels/Library/Application Support/Titanium/mobilesdk/osx/2.0.2.GA/android/builder.py", line 2119, in <module>
[ERROR]     s.build_and_run(False, avd_id, debugger_host=debugger_host)
[ERROR]   File "/Users/jensroels/Library/Application Support/Titanium/mobilesdk/osx/2.0.2.GA/android/builder.py", line 1927, in build_and_run
[ERROR]     self.push_deploy_json()
[ERROR]   File "/Users/jensroels/Library/Application Support/Titanium/mobilesdk/osx/2.0.2.GA/android/builder.py", line 1615, in push_deploy_json
[ERROR]     os.unlink(deploy_json)
[ERROR] OSError: [Errno 2] No such file or directory: '/Users/jensroels/Documents/Titanium Studio Workspace/facebook/build/android/bin/deploy.json'
[DEBUG] Android classes.dex built
[DEBUG] creating unsigned apk: /Users/jensroels/Documents/Titanium Studio Workspace/facebook/build/android/bin/app-unsigned.apk
[DEBUG] from resource zip => assets/Resources/KS_nav_ui.png
[DEBUG] from resource zip => assets/Resources/KS_nav_views.png
[DEBUG] from resource zip => assets/Resources/app.js
[DEBUG] from resource zip => assets/Resources/appicon.png
[DEBUG] from resource zip => assets/Resources/default.png
[DEBUG] from resource zip => assets/app.json
[DEBUG] from resource zip => assets/index.json
[DEBUG] from resource zip => assets/tiapp.xml
[DEBUG] from resource zip => res/drawable/appicon.png
[DEBUG] from resource zip => res/drawable/background.png
[DEBUG] from resource zip => res/drawable/close.png
[DEBUG] from resource zip => res/drawable/facebook_login.png
[DEBUG] from resource zip => res/drawable/facebook_login_down.png
[DEBUG] from resource zip => res/drawable/facebook_login_wide.png
[DEBUG] from resource zip => res/drawable/facebook_login_wide_down.png
[DEBUG] from resource zip => res/drawable/facebook_logout.png
[DEBUG] from resource zip => res/drawable/facebook_logout_down.png
[DEBUG] from resource zip => res/layout/titanium_tabgroup.xml
[DEBUG] from resource zip => AndroidManifest.xml
[DEBUG] from resource zip => resources.arsc
[DEBUG] from resource zip => res/drawable-hdpi/close.png
[DEBUG] from resource zip => res/drawable-ldpi/close.png
[DEBUG] from resource zip => res/drawable-long-land-hdpi/background.png
[DEBUG] from resource zip => res/drawable-long-land-ldpi/background.png
[DEBUG] from resource zip => res/drawable-long-port-hdpi/background.png
[DEBUG] from resource zip => res/drawable-long-port-ldpi/background.png
[DEBUG] from resource zip => res/drawable-notlong-land-hdpi/background.png
[DEBUG] from resource zip => res/drawable-notlong-land-ldpi/background.png
[DEBUG] from resource zip => res/drawable-notlong-land-mdpi/background.png
[DEBUG] from resource zip => res/drawable-notlong-port-hdpi/background.png
[DEBUG] from resource zip => res/drawable-notlong-port-ldpi/background.png
[DEBUG] from resource zip => res/drawable-notlong-port-mdpi/background.png
[DEBUG] from JAR /Users/jensroels/Library/Application Support/Titanium/mobilesdk/osx/2.0.2.GA/android/modules/titanium-facebook.jar => ti/modules/titanium/facebook/LICENSE
[DEBUG] from JAR /Users/jensroels/Library/Application Support/Titanium/mobilesdk/osx/2.0.2.GA/android/thirdparty.jar => org/apache/Commons-NOTICE.txt
[DEBUG] from JAR /Users/jensroels/Library/Application Support/Titanium/mobilesdk/osx/2.0.2.GA/android/thirdparty.jar => org/apache/HttpComponents-NOTICE.txt
[DEBUG] from JAR /Users/jensroels/Library/Application Support/Titanium/mobilesdk/osx/2.0.2.GA/android/thirdparty.jar => org/apache/mime4j-NOTICE.txt
[DEBUG] from JAR /Users/jensroels/Library/Application Support/Titanium/mobilesdk/osx/2.0.2.GA/android/titanium.jar => org/appcelerator/titanium/build.properties
[DEBUG] from JAR /Users/jensroels/Library/Application Support/Titanium/mobilesdk/osx/2.0.2.GA/android/titanium.jar => org/appcelerator/titanium/res/drawable/background.png
[DEBUG] from JAR /Users/jensroels/Library/Application Support/Titanium/mobilesdk/osx/2.0.2.GA/android/titanium.jar => org/appcelerator/titanium/res/drawable/btn_check_buttonless_on.png
[DEBUG] from JAR /Users/jensroels/Library/Application Support/Titanium/mobilesdk/osx/2.0.2.GA/android/titanium.jar => org/appcelerator/titanium/res/drawable/btn_check_buttonless_on_18.png
[DEBUG] from JAR /Users/jensroels/Library/Application Support/Titanium/mobilesdk/osx/2.0.2.GA/android/titanium.jar => org/appcelerator/titanium/res/drawable/btn_check_buttonless_on_48.png
[DEBUG] from JAR /Users/jensroels/Library/Application Support/Titanium/mobilesdk/osx/2.0.2.GA/android/titanium.jar => org/appcelerator/titanium/res/drawable/btn_more.png
[DEBUG] from JAR /Users/jensroels/Library/Application Support/Titanium/mobilesdk/osx/2.0.2.GA/android/titanium.jar => org/appcelerator/titanium/res/drawable/btn_more_18.png
[DEBUG] from JAR /Users/jensroels/Library/Application Support/Titanium/mobilesdk/osx/2.0.2.GA/android/titanium.jar => org/appcelerator/titanium/res/drawable/btn_more_48.png
[DEBUG] from JAR /Users/jensroels/Library/Application Support/Titanium/mobilesdk/osx/2.0.2.GA/android/titanium.jar => org/appcelerator/titanium/res/drawable/btn_picker_normal.9.png
[DEBUG] from JAR /Users/jensroels/Library/Application Support/Titanium/mobilesdk/osx/2.0.2.GA/android/titanium.jar => org/appcelerator/titanium/res/drawable/btn_picker_pressed.9.png
[DEBUG] from JAR /Users/jensroels/Library/Application Support/Titanium/mobilesdk/osx/2.0.2.GA/android/titanium.jar => org/appcelerator/titanium/res/drawable/btn_picker_selected.9.png
[DEBUG] from JAR /Users/jensroels/Library/Application Support/Titanium/mobilesdk/osx/2.0.2.GA/android/titanium.jar => org/appcelerator/titanium/res/drawable/default_icon.png
[DEBUG] from JAR /Users/jensroels/Library/Application Support/Titanium/mobilesdk/osx/2.0.2.GA/android/titanium.jar => org/appcelerator/titanium/res/drawable/photoDefault.png
[DEBUG] from JAR /Users/jensroels/Library/Application Support/Titanium/mobilesdk/osx/2.0.2.GA/android/modules/titanium-ui.jar => ti/modules/titanium/ui/widget/webview/binding.js
[DEBUG] from JAR /Users/jensroels/Library/Application Support/Titanium/mobilesdk/osx/2.0.2.GA/android/modules/titanium-ui.jar => ti/modules/titanium/ui/widget/webview/binding.min.js
[DEBUG] from JAR /Users/jensroels/Library/Application Support/Titanium/mobilesdk/osx/2.0.2.GA/android/modules/titanium-ui.jar => ti/modules/titanium/ui/widget/webview/json2.js
[DEBUG] installing native SDK libs
[DEBUG] Waiting for device to be ready ...
[TRACE] adb devices returned 1 devices/emulators
[DEBUG] Device connected... (waited 0 seconds)
[DEBUG] waited 0.028651 seconds on emulator to get ready
[INFO] Installing application on emulator
[INFO] Android Emulator has exited
